<?xml version="1.0" encoding="UTF-8"?>
<!-- Generated by org.testng.reporters.JUnitReportReporter -->
<testsuite hostname="GNB1DEVLSA" failures="0" tests="1" name="com.augmento.testcases.LoginTestAugmento" time="11.117" errors="0" timestamp="18 Mar 2020 07:03:44 GMT" skipped="0">
  <testcase classname="com.augmento.testcases.LoginTestAugmento" name="loginAugmento" time="11.117"/>
</testsuite> <!-- com.augmento.testcases.LoginTestAugmento -->
