<?xml version="1.0" encoding="UTF-8"?>
<!-- Generated by org.testng.reporters.JUnitReportReporter -->
<testsuite hostname="GNB1DEVLSA" failures="0" tests="1" name="com.augmento.testcases.ListManager_CreateListPageTest" time="46.869" errors="0" timestamp="23 Mar 2020 11:59:35 GMT" skipped="0">
  <testcase classname="com.augmento.testcases.ListManager_CreateListPageTest" name="loginAugmento" time="46.869"/>
</testsuite> <!-- com.augmento.testcases.ListManager_CreateListPageTest -->
