<?xml version="1.0" encoding="UTF-8"?>
<!-- Generated by org.testng.reporters.JUnitReportReporter -->
<testsuite hostname="GNB1DEVLSA" failures="0" tests="1" name="com.augmento.testcases.ContentRepository_SmsSenderPageTest" time="0.000" errors="0" timestamp="30 Mar 2020 07:03:23 GMT" skipped="1">
  <testcase classname="com.augmento.testcases.ContentRepository_SmsSenderPageTest" name="smsSender" time="0.000">
    <skipped/>
  </testcase> <!-- smsSender -->
</testsuite> <!-- com.augmento.testcases.ContentRepository_SmsSenderPageTest -->
