<?xml version="1.0" encoding="UTF-8"?>
<!-- Generated by org.testng.reporters.JUnitReportReporter -->
<testsuite hostname="GNB1DEVLSA" failures="0" tests="1" name="com.augmento.testcases.LoginPageTest" time="13.230" errors="0" timestamp="18 Mar 2020 07:35:16 GMT" skipped="0">
  <testcase classname="com.augmento.testcases.LoginPageTest" name="loginTest" time="13.230"/>
</testsuite> <!-- com.augmento.testcases.LoginPageTest -->
