<?xml version="1.0" encoding="UTF-8"?>
<!-- Generated by org.testng.reporters.JUnitReportReporter -->
<testsuite hostname="GNB1DEVLSA" failures="0" tests="1" name="com.augmento.testcases.ListManager_ListLibraryPageTest" time="64.309" errors="0" timestamp="23 Mar 2020 12:01:16 GMT" skipped="0">
  <testcase classname="com.augmento.testcases.ListManager_ListLibraryPageTest" name="createSegment" time="64.309"/>
</testsuite> <!-- com.augmento.testcases.ListManager_ListLibraryPageTest -->
