<?xml version="1.0" encoding="UTF-8"?>
<!-- Generated by org.testng.reporters.JUnitReportReporter -->
<testsuite hostname="GNB1DEVLSA" failures="0" tests="1" name="com.augmento.testcases.ContentRepository_SmsTemplatePageTest" time="198.091" errors="0" timestamp="30 Mar 2020 08:01:49 GMT" skipped="0">
  <testcase classname="com.augmento.testcases.ContentRepository_SmsTemplatePageTest" name="smsTemplate" time="198.091"/>
</testsuite> <!-- com.augmento.testcases.ContentRepository_SmsTemplatePageTest -->
