<?xml version="1.0" encoding="UTF-8"?>
<!-- Generated by org.testng.reporters.JUnitReportReporter -->
<testsuite hostname="GNB1DEVLSA" failures="0" tests="1" name="com.augmento.testcases.BlackListPageTest" time="31.337" errors="0" timestamp="20 Mar 2020 12:10:26 GMT" skipped="0">
  <testcase classname="com.augmento.testcases.BlackListPageTest" name="blackList" time="31.337"/>
</testsuite> <!-- com.augmento.testcases.BlackListPageTest -->
