<?xml version="1.0" encoding="UTF-8"?>
<!-- Generated by org.testng.reporters.JUnitReportReporter -->
<testsuite hostname="GNB1DEVLSA" failures="0" tests="1" name="com.augmento.testcases.HomeTest" time="18.504" errors="0" timestamp="18 Mar 2020 09:21:41 GMT" skipped="0">
  <testcase classname="com.augmento.testcases.HomeTest" name="newList" time="18.504"/>
</testsuite> <!-- com.augmento.testcases.HomeTest -->
