<?xml version="1.0" encoding="UTF-8"?>
<!-- Generated by org.testng.reporters.JUnitReportReporter -->
<testsuite hostname="GNB1DEVLSA" failures="0" tests="1" name="com.augmento.testcases.ContentRepository_EmailPageTest" time="66.463" errors="0" timestamp="25 Mar 2020 05:45:19 GMT" skipped="0">
  <testcase classname="com.augmento.testcases.ContentRepository_EmailPageTest" name="ContentRepositoryEmailPageTest" time="66.463"/>
</testsuite> <!-- com.augmento.testcases.ContentRepository_EmailPageTest -->
