<?xml version="1.0" encoding="UTF-8"?>
<!-- Generated by org.testng.reporters.JUnitReportReporter -->
<testsuite hostname="GNB1DEVLSA" failures="0" tests="1" name="com.augmento.testcases.AutomationStudio_WorkflowConfigurationPageTest" time="74.251" errors="0" timestamp="31 Mar 2020 15:15:29 GMT" skipped="0">
  <testcase classname="com.augmento.testcases.AutomationStudio_WorkflowConfigurationPageTest" name="workflowDashboard" time="74.251"/>
</testsuite> <!-- com.augmento.testcases.AutomationStudio_WorkflowConfigurationPageTest -->
