<?xml version="1.0" encoding="UTF-8"?>
<!-- Generated by org.testng.reporters.JUnitReportReporter -->
<testsuite hostname="GNB1DEVLSA" failures="0" tests="1" name="com.augmento.testcases.CampaignStudio_NewCampaignPageTest" time="438.843" errors="0" timestamp="01 Apr 2020 12:26:16 GMT" skipped="0">
  <testcase classname="com.augmento.testcases.CampaignStudio_NewCampaignPageTest" name="campaign" time="438.843"/>
</testsuite> <!-- com.augmento.testcases.CampaignStudio_NewCampaignPageTest -->
