<?xml version="1.0" encoding="UTF-8"?>
<!-- Generated by org.testng.reporters.JUnitReportReporter -->
<testsuite hostname="GNB1DEVLSA" failures="0" tests="1" name="com.augmento.testcases.ListLibrary_BlackListPageTest" time="47.309" errors="0" timestamp="24 Mar 2020 10:25:48 GMT" skipped="0">
  <testcase classname="com.augmento.testcases.ListLibrary_BlackListPageTest" name="blackList" time="47.309"/>
</testsuite> <!-- com.augmento.testcases.ListLibrary_BlackListPageTest -->
