<?xml version="1.0" encoding="UTF-8"?>
<!-- Generated by org.testng.reporters.JUnitReportReporter -->
<testsuite hostname="GNB1DEVLSA" failures="0" tests="1" name="com.augmento.testcases.ContentRepository_EmailSenderPageTest" time="396.645" errors="0" timestamp="30 Mar 2020 07:47:37 GMT" skipped="0">
  <testcase classname="com.augmento.testcases.ContentRepository_EmailSenderPageTest" name="ContentRepositoryEmailSender" time="396.645"/>
</testsuite> <!-- com.augmento.testcases.ContentRepository_EmailSenderPageTest -->
